mode: set
github.com/ludwig125/architecture/cleanArchitectureWebAPI/controller.go:17.61,22.2 1 1
github.com/ludwig125/architecture/cleanArchitectureWebAPI/controller.go:24.72,26.16 2 1
github.com/ludwig125/architecture/cleanArchitectureWebAPI/controller.go:30.2,30.31 1 1
github.com/ludwig125/architecture/cleanArchitectureWebAPI/controller.go:26.16,29.3 2 0
github.com/ludwig125/architecture/cleanArchitectureWebAPI/controller.go:33.70,37.16 2 1
github.com/ludwig125/architecture/cleanArchitectureWebAPI/controller.go:45.2,46.16 2 1
github.com/ludwig125/architecture/cleanArchitectureWebAPI/controller.go:53.2,53.31 1 1
github.com/ludwig125/architecture/cleanArchitectureWebAPI/controller.go:37.16,43.3 5 1
github.com/ludwig125/architecture/cleanArchitectureWebAPI/controller.go:46.16,52.3 5 1
github.com/ludwig125/architecture/cleanArchitectureWebAPI/controller.go:56.72,57.24 1 1
github.com/ludwig125/architecture/cleanArchitectureWebAPI/controller.go:63.2,63.56 1 1
github.com/ludwig125/architecture/cleanArchitectureWebAPI/controller.go:68.2,72.39 3 1
github.com/ludwig125/architecture/cleanArchitectureWebAPI/controller.go:96.2,96.42 1 1
github.com/ludwig125/architecture/cleanArchitectureWebAPI/controller.go:103.2,103.44 1 1
github.com/ludwig125/architecture/cleanArchitectureWebAPI/controller.go:112.2,112.62 1 1
github.com/ludwig125/architecture/cleanArchitectureWebAPI/controller.go:57.24,61.3 3 1
github.com/ludwig125/architecture/cleanArchitectureWebAPI/controller.go:63.56,66.3 2 1
github.com/ludwig125/architecture/cleanArchitectureWebAPI/controller.go:72.39,77.10 3 1
github.com/ludwig125/architecture/cleanArchitectureWebAPI/controller.go:92.3,92.9 1 1
github.com/ludwig125/architecture/cleanArchitectureWebAPI/controller.go:78.37,80.45 2 0
github.com/ludwig125/architecture/cleanArchitectureWebAPI/controller.go:81.44,83.45 2 1
github.com/ludwig125/architecture/cleanArchitectureWebAPI/controller.go:84.31,86.45 2 1
github.com/ludwig125/architecture/cleanArchitectureWebAPI/controller.go:87.11,90.98 2 1
github.com/ludwig125/architecture/cleanArchitectureWebAPI/controller.go:96.42,101.3 3 1
github.com/ludwig125/architecture/cleanArchitectureWebAPI/controller.go:103.44,107.3 3 1
github.com/ludwig125/architecture/cleanArchitectureWebAPI/controller.go:115.78,117.16 2 1
github.com/ludwig125/architecture/cleanArchitectureWebAPI/controller.go:122.2,124.35 3 1
github.com/ludwig125/architecture/cleanArchitectureWebAPI/controller.go:117.16,121.3 3 0
github.com/ludwig125/architecture/cleanArchitectureWebAPI/controller.go:127.24,137.62 7 0
github.com/ludwig125/architecture/cleanArchitectureWebAPI/controller.go:137.62,139.3 1 0
github.com/ludwig125/architecture/cleanArchitectureWebAPI/entity.go:15.59,19.9 2 1
github.com/ludwig125/architecture/cleanArchitectureWebAPI/entity.go:20.16,21.30 1 1
github.com/ludwig125/architecture/cleanArchitectureWebAPI/entity.go:25.3,26.17 2 1
github.com/ludwig125/architecture/cleanArchitectureWebAPI/entity.go:29.3,33.9 1 1
github.com/ludwig125/architecture/cleanArchitectureWebAPI/entity.go:34.18,35.28 1 1
github.com/ludwig125/architecture/cleanArchitectureWebAPI/entity.go:39.3,43.9 1 1
github.com/ludwig125/architecture/cleanArchitectureWebAPI/entity.go:44.17,45.29 1 1
github.com/ludwig125/architecture/cleanArchitectureWebAPI/entity.go:49.3,50.17 2 1
github.com/ludwig125/architecture/cleanArchitectureWebAPI/entity.go:53.3,57.9 1 1
github.com/ludwig125/architecture/cleanArchitectureWebAPI/entity.go:58.10,59.92 1 1
github.com/ludwig125/architecture/cleanArchitectureWebAPI/entity.go:21.30,23.4 1 0
github.com/ludwig125/architecture/cleanArchitectureWebAPI/entity.go:26.17,28.4 1 0
github.com/ludwig125/architecture/cleanArchitectureWebAPI/entity.go:35.28,37.4 1 0
github.com/ludwig125/architecture/cleanArchitectureWebAPI/entity.go:45.29,47.4 1 0
github.com/ludwig125/architecture/cleanArchitectureWebAPI/entity.go:50.17,52.4 1 0
github.com/ludwig125/architecture/cleanArchitectureWebAPI/entity.go:63.38,64.18 1 1
github.com/ludwig125/architecture/cleanArchitectureWebAPI/entity.go:67.2,67.16 1 1
github.com/ludwig125/architecture/cleanArchitectureWebAPI/entity.go:70.2,70.12 1 1
github.com/ludwig125/architecture/cleanArchitectureWebAPI/entity.go:64.18,66.3 1 1
github.com/ludwig125/architecture/cleanArchitectureWebAPI/entity.go:67.16,69.3 1 0
github.com/ludwig125/architecture/cleanArchitectureWebAPI/sqlite_repository.go:19.71,21.16 2 1
github.com/ludwig125/architecture/cleanArchitectureWebAPI/sqlite_repository.go:24.2,24.34 1 1
github.com/ludwig125/architecture/cleanArchitectureWebAPI/sqlite_repository.go:28.2,28.39 1 1
github.com/ludwig125/architecture/cleanArchitectureWebAPI/sqlite_repository.go:21.16,23.3 1 0
github.com/ludwig125/architecture/cleanArchitectureWebAPI/sqlite_repository.go:24.34,26.3 1 0
github.com/ludwig125/architecture/cleanArchitectureWebAPI/sqlite_repository.go:31.49,36.2 1 1
github.com/ludwig125/architecture/cleanArchitectureWebAPI/sqlite_repository.go:38.54,40.16 2 1
github.com/ludwig125/architecture/cleanArchitectureWebAPI/sqlite_repository.go:43.2,46.18 3 1
github.com/ludwig125/architecture/cleanArchitectureWebAPI/sqlite_repository.go:55.2,55.35 1 1
github.com/ludwig125/architecture/cleanArchitectureWebAPI/sqlite_repository.go:58.2,58.20 1 1
github.com/ludwig125/architecture/cleanArchitectureWebAPI/sqlite_repository.go:40.16,42.3 1 0
github.com/ludwig125/architecture/cleanArchitectureWebAPI/sqlite_repository.go:46.18,49.17 3 1
github.com/ludwig125/architecture/cleanArchitectureWebAPI/sqlite_repository.go:52.3,52.29 1 1
github.com/ludwig125/architecture/cleanArchitectureWebAPI/sqlite_repository.go:49.17,51.4 1 0
github.com/ludwig125/architecture/cleanArchitectureWebAPI/sqlite_repository.go:55.35,57.3 1 0
github.com/ludwig125/architecture/cleanArchitectureWebAPI/sqlite_repository.go:61.62,63.16 2 1
github.com/ludwig125/architecture/cleanArchitectureWebAPI/sqlite_repository.go:66.2,66.25 1 1
github.com/ludwig125/architecture/cleanArchitectureWebAPI/sqlite_repository.go:63.16,65.3 1 0
github.com/ludwig125/architecture/cleanArchitectureWebAPI/sqlite_repository.go:69.69,71.16 2 1
github.com/ludwig125/architecture/cleanArchitectureWebAPI/sqlite_repository.go:74.2,74.25 1 1
github.com/ludwig125/architecture/cleanArchitectureWebAPI/sqlite_repository.go:71.16,73.3 1 0
github.com/ludwig125/architecture/cleanArchitectureWebAPI/sqlite_repository.go:77.64,79.16 2 1
github.com/ludwig125/architecture/cleanArchitectureWebAPI/sqlite_repository.go:82.2,82.25 1 1
github.com/ludwig125/architecture/cleanArchitectureWebAPI/sqlite_repository.go:79.16,81.3 1 0
github.com/ludwig125/architecture/cleanArchitectureWebAPI/sqlite_repository.go:85.50,88.18 3 1
github.com/ludwig125/architecture/cleanArchitectureWebAPI/sqlite_repository.go:97.2,97.35 1 1
github.com/ludwig125/architecture/cleanArchitectureWebAPI/sqlite_repository.go:100.2,100.20 1 1
github.com/ludwig125/architecture/cleanArchitectureWebAPI/sqlite_repository.go:88.18,91.17 3 1
github.com/ludwig125/architecture/cleanArchitectureWebAPI/sqlite_repository.go:94.3,94.29 1 1
github.com/ludwig125/architecture/cleanArchitectureWebAPI/sqlite_repository.go:91.17,93.4 1 0
github.com/ludwig125/architecture/cleanArchitectureWebAPI/sqlite_repository.go:97.35,99.3 1 0
github.com/ludwig125/architecture/cleanArchitectureWebAPI/sqlite_repository.go:103.50,107.16 3 1
github.com/ludwig125/architecture/cleanArchitectureWebAPI/sqlite_repository.go:111.2,112.16 2 1
github.com/ludwig125/architecture/cleanArchitectureWebAPI/sqlite_repository.go:115.2,115.14 1 1
github.com/ludwig125/architecture/cleanArchitectureWebAPI/sqlite_repository.go:118.2,118.12 1 1
github.com/ludwig125/architecture/cleanArchitectureWebAPI/sqlite_repository.go:107.16,109.3 1 0
github.com/ludwig125/architecture/cleanArchitectureWebAPI/sqlite_repository.go:112.16,114.3 1 0
github.com/ludwig125/architecture/cleanArchitectureWebAPI/sqlite_repository.go:115.14,117.3 1 0
github.com/ludwig125/architecture/cleanArchitectureWebAPI/sqlite_repository.go:121.53,124.16 3 1
github.com/ludwig125/architecture/cleanArchitectureWebAPI/sqlite_repository.go:129.2,130.16 2 1
github.com/ludwig125/architecture/cleanArchitectureWebAPI/sqlite_repository.go:133.2,133.14 1 1
github.com/ludwig125/architecture/cleanArchitectureWebAPI/sqlite_repository.go:136.2,136.12 1 1
github.com/ludwig125/architecture/cleanArchitectureWebAPI/sqlite_repository.go:124.16,126.3 1 0
github.com/ludwig125/architecture/cleanArchitectureWebAPI/sqlite_repository.go:130.16,132.3 1 0
github.com/ludwig125/architecture/cleanArchitectureWebAPI/sqlite_repository.go:133.14,135.3 1 1
github.com/ludwig125/architecture/cleanArchitectureWebAPI/exclude_repository.go:18.71,20.16 2 1
github.com/ludwig125/architecture/cleanArchitectureWebAPI/exclude_repository.go:23.2,23.58 1 1
github.com/ludwig125/architecture/cleanArchitectureWebAPI/exclude_repository.go:20.16,22.3 1 1
github.com/ludwig125/architecture/cleanArchitectureWebAPI/exclude_repository.go:26.58,28.2 1 1
github.com/ludwig125/architecture/cleanArchitectureWebAPI/exclude_repository.go:30.55,33.21 3 1
github.com/ludwig125/architecture/cleanArchitectureWebAPI/exclude_repository.go:36.2,36.38 1 1
github.com/ludwig125/architecture/cleanArchitectureWebAPI/exclude_repository.go:39.2,39.22 1 1
github.com/ludwig125/architecture/cleanArchitectureWebAPI/exclude_repository.go:33.21,35.3 1 1
github.com/ludwig125/architecture/cleanArchitectureWebAPI/exclude_repository.go:36.38,38.3 1 0
github.com/ludwig125/architecture/cleanArchitectureWebAPI/exclude_repository_mock.go:25.59,36.2 1 1
github.com/ludwig125/architecture/cleanArchitectureWebAPI/main.go:8.13,12.16 4 0
github.com/ludwig125/architecture/cleanArchitectureWebAPI/main.go:52.2,53.16 2 0
github.com/ludwig125/architecture/cleanArchitectureWebAPI/main.go:57.2,62.14 4 0
github.com/ludwig125/architecture/cleanArchitectureWebAPI/main.go:13.16,16.17 3 0
github.com/ludwig125/architecture/cleanArchitectureWebAPI/main.go:25.10,26.43 1 0
github.com/ludwig125/architecture/cleanArchitectureWebAPI/main.go:16.17,18.4 1 0
github.com/ludwig125/architecture/cleanArchitectureWebAPI/main.go:53.16,55.3 1 0
github.com/ludwig125/architecture/cleanArchitectureWebAPI/service.go:26.110,28.2 1 1
github.com/ludwig125/architecture/cleanArchitectureWebAPI/service.go:30.50,32.16 2 1
github.com/ludwig125/architecture/cleanArchitectureWebAPI/service.go:37.2,38.16 2 1
github.com/ludwig125/architecture/cleanArchitectureWebAPI/service.go:41.2,41.35 1 1
github.com/ludwig125/architecture/cleanArchitectureWebAPI/service.go:32.16,34.3 1 0
github.com/ludwig125/architecture/cleanArchitectureWebAPI/service.go:38.16,40.3 1 0
github.com/ludwig125/architecture/cleanArchitectureWebAPI/service.go:44.58,46.16 2 1
github.com/ludwig125/architecture/cleanArchitectureWebAPI/service.go:51.2,52.16 2 1
github.com/ludwig125/architecture/cleanArchitectureWebAPI/service.go:55.2,55.35 1 1
github.com/ludwig125/architecture/cleanArchitectureWebAPI/service.go:46.16,48.3 1 1
github.com/ludwig125/architecture/cleanArchitectureWebAPI/service.go:52.16,54.3 1 0
github.com/ludwig125/architecture/cleanArchitectureWebAPI/service.go:58.64,62.9 3 1
github.com/ludwig125/architecture/cleanArchitectureWebAPI/service.go:72.2,72.16 1 1
github.com/ludwig125/architecture/cleanArchitectureWebAPI/service.go:75.2,75.18 1 1
github.com/ludwig125/architecture/cleanArchitectureWebAPI/service.go:78.2,78.16 1 1
github.com/ludwig125/architecture/cleanArchitectureWebAPI/service.go:63.20,64.43 1 1
github.com/ludwig125/architecture/cleanArchitectureWebAPI/service.go:65.23,66.47 1 1
github.com/ludwig125/architecture/cleanArchitectureWebAPI/service.go:67.21,68.45 1 1
github.com/ludwig125/architecture/cleanArchitectureWebAPI/service.go:69.10,70.57 1 1
github.com/ludwig125/architecture/cleanArchitectureWebAPI/service.go:72.16,74.3 1 0
github.com/ludwig125/architecture/cleanArchitectureWebAPI/service.go:75.18,77.3 1 0
github.com/ludwig125/architecture/cleanArchitectureWebAPI/service.go:81.46,85.16 2 1
github.com/ludwig125/architecture/cleanArchitectureWebAPI/service.go:88.2,88.17 1 1
github.com/ludwig125/architecture/cleanArchitectureWebAPI/service.go:91.2,91.31 1 1
github.com/ludwig125/architecture/cleanArchitectureWebAPI/service.go:85.16,87.3 1 1
github.com/ludwig125/architecture/cleanArchitectureWebAPI/service.go:88.17,90.3 1 1
github.com/ludwig125/architecture/cleanArchitectureWebAPI/service.go:94.49,96.2 1 1
github.com/ludwig125/architecture/cleanArchitectureWebAPI/service.go:98.53,100.23 2 1
github.com/ludwig125/architecture/cleanArchitectureWebAPI/service.go:107.2,107.14 1 1
github.com/ludwig125/architecture/cleanArchitectureWebAPI/service.go:100.23,101.27 1 1
github.com/ludwig125/architecture/cleanArchitectureWebAPI/service.go:105.3,105.27 1 1
github.com/ludwig125/architecture/cleanArchitectureWebAPI/service.go:101.27,103.12 2 1
github.com/ludwig125/architecture/cleanArchitectureWebAPI/service.go:110.48,111.23 1 1
github.com/ludwig125/architecture/cleanArchitectureWebAPI/service.go:116.2,116.14 1 1
github.com/ludwig125/architecture/cleanArchitectureWebAPI/service.go:111.23,112.18 1 1
github.com/ludwig125/architecture/cleanArchitectureWebAPI/service.go:112.18,114.4 1 1
github.com/ludwig125/architecture/cleanArchitectureWebAPI/service_mock.go:39.49,61.2 1 1
github.com/ludwig125/architecture/cleanArchitectureWebAPI/service_mock.go:63.57,70.2 1 1
github.com/ludwig125/architecture/cleanArchitectureWebAPI/service_mock.go:90.45,106.2 1 1
github.com/ludwig125/architecture/cleanArchitectureWebAPI/service_mock.go:108.48,124.2 1 0
github.com/ludwig125/architecture/cleanArchitectureWebAPI/sqlite_repository_mock.go:41.58,63.2 1 1
github.com/ludwig125/architecture/cleanArchitectureWebAPI/sqlite_repository_mock.go:65.66,72.2 1 1
github.com/ludwig125/architecture/cleanArchitectureWebAPI/sqlite_repository_mock.go:74.73,81.2 1 1
github.com/ludwig125/architecture/cleanArchitectureWebAPI/sqlite_repository_mock.go:83.68,90.2 1 1
github.com/ludwig125/architecture/cleanArchitectureWebAPI/sqlite_repository_mock.go:110.54,126.2 1 1
github.com/ludwig125/architecture/cleanArchitectureWebAPI/sqlite_repository_mock.go:128.57,144.2 1 1
